<?xml version="1.0" encoding="UTF-8"?>
<!-- Generated by org.testng.reporters.JUnitXMLReporter -->
<testsuite hostname="LAPTOP-G0NLQ86S" ignored="0" name="Automation Positive Tests" tests="4" failures="1" timestamp="03 Nov 2019 21:54:25 GMT" time="23.701" errors="0">
  <testcase name="getResponse" time="1.926" classname="test.GitHubTest"/>
  <testcase name="showFirstResultName_Star" time="0.001" classname="test.GitHubTest"/>
  <testcase name="showLastReleaseTagResult" time="0.32" classname="test.GitHubTest"/>
  <testcase name="verifyLastedReleaset" time="0.014" classname="test.GitHubTest">
    <failure type="java.lang.AssertionError" message="expected [true] but found [false]">
      <![CDATA[java.lang.AssertionError: expected [true] but found [false]
	at test.GitHubTest.verifyLastedReleaset(GitHubTest.java:101)
... Removed 29 stack frames]]>
    </failure>
  </testcase> <!-- verifyLastedReleaset -->
</testsuite> <!-- Automation Positive Tests -->
